[    0.000000] Initializing cgroup subsys cpuset
[   0.000000] Initializing group subsys cpu
[   .000000] Initializing cgroup subsys cpuacct
[    0.000000] Linux version 4.4.0-134-generic (buildd@lgw01-amd64-033) (gcc version 5.4.0 20160609 (Ubuntu 5.4.0-6ubuntu1~16.04.10) ) #160-Ubuntu SMP Wed Aug 15 14:58:00 UTC 2018 (Ubuntu 4.4.0-134.160-generic 4.4.140)
[    0.000000] Command line: BOOT_IMAGE=/boot/vmlinuz-4.4.0-134-generic root=LABEL=cloudimg-rootfs ro console=tty1 console=ttyS0
[    0.000000] KERNEL supported cpus:
[    0.000000]   Intel GenuineIntel
[    0.000000]   AMD AuthenticAMD
[    0.000000]   Centaur CentaurHauls
[    0.000000] x86/fpu: xstate_offset[2]:  576, xstate_sizes[2]:  256
[    0.000000] x86/fpu: Supporting XSAVE feature 0x01: 'x87 floating point registers'
[    0.000000] x86/fpu: Supporting XSAVE feature 0x02: 'SSE registers'
[    0.000000] x86/fpu: Supporting XSAVE feature 0x04: 'AVX registers'
[    0.000000] x86/fpu: Enabled xstate features 0x7, context size is 832 bytes, using 'standard' format.
[    0.000000] e820: BIOS-provided physical RAM map:
[    0.000000] BIOS-e820: [mem 0x0000000000000000-0x000000000009fbff] usable
[    0.000000] BIOS-e820: [mem 0x000000000009fc00-0x000000000009ffff] reserved
[    0.000000] BIOS-e820: [mem 0x00000000000f0000-0x00000000000fffff] reserved
[   .000000] BIOS-e820: [mem 0x0000000000100000-0x00000000dffeffff] usable
[    0.000000] BIOS-e820: [mem 0x00000000dfff0000-0x00000000dfffffff] ACPI data
[    0.000000] BIOS-e820: [mem 0x00000000fec00000-0x00000000fec00fff] reserved
[    0.000000] BIOS-e820: [mem 0x00000000fee00000-0x00000000fee00fff] reserved
[    0.000000] BIOS-e820: [mem 0x00000000fffc0000-0x00000000ffffffff] reserved
[    0.000000] BIOS-e820: [mem 0x0000000100000000-0x000000011e4fffff] usable
[    0.000000] NX (Execute Disable) protection: active
[    0.000000] SMBIOS 2.5 present.
[    0.000000] Hypervisor deteced: KVM
[   0.000000] e820: last_pfn = 0x11e500 max_arch_pfn = 0x400000000
[    0.000000] MTRR: Disabled
[   0.000000] x86/PAT: MTRRs disabled, skipping PAT initialization too.
[   .000000] CPU MTRRs all blank - virtualized system.
[    0.000000] x86/PAT: Configuration [0-7]: WB  WT  UC- UC  WB  WT  UC- UC  
[    0.000000] e820: last_pfn = 0xdfff0 max_arch_pfn = 0x400000000
[    0.000000] found SMP MP-table at [mem 0x0009fff0-0x0009ffff] mapped at [ffff88000009fff0]
[    0.000000] Scanning 1 areas for low memory corruption
[    0.000000] RAMDISK: [mem 0x3630c000-0x3717dfff]
[    0.000000] ACPI: Early table checksum verification disabled
[    0.000000] ACPI: RSDP 0x00000000000E0000 000024 (v02 VBOX  )
[    0.000000] ACPI: XSDT 0x00000000DFFF0030 00003C (v01 VBOX   VBOXXSDT 00000001 ASL  00000061)
[    0.000000] ACPI: FACP 0x00000000DFFF00F0 0000F4 (v04 VBOX   VBOXFACP 00000001 ASL  00000061)
[    0.000000] ACPI: DSDT 0x00000000DFFF0470 0021FF (v02 VBOX   VBOXBIOS 00000002 INTL 20100528)
[    0.000000] ACPI: FACS 0x00000000DFFF0200 000040
[    0.000000] ACPI: FACS 0x00000000DFFF0200 000040
[    0.000000] ACPI: APIC 0x00000000DFFF0240 00005C (v02 VBOX   VBOXAPIC 00000001 ASL  00000061)
[   0.000000] ACPI: SSDT 0x00000000DFFF02A0 0001CC (v01 VBOX   VBOXCPUT 00000002 INTL 20100528)
[   .00000] No NUMA configuration found
[    0.000000] Faking a node at [mem 0x0000000000000000-0x000000011e4fffff]
[    0.000000] NODE_DATA(0) allocated [mem 0x11e4fb000-0x11e44fffff]
[    0.000000] kvm-clock: Using msrs 4b564d01 and 4b564d00
[    0.000000] kvm-clock: cpu 0, msr 1:1e4f3001, primary cpu clock
[    0.000000] kvm-clock: using sched offset of 6443064365 cycles
[    0.0000]clocksource: kvm-clock: mask: 0xffffffffffffffff max_cycles: 0x1cd42e4dffb, max_idle_ns: 881590591483 ns
[    0.000000] Zone ranges:
[    0.000000]   DMA      [mem 0x0000000000001000-0x0000000000ffffff]
[    0.000000]   DMA32    [mem 0x0000000001000000-0x00000000ffffffff]
[    0.000000]   Normal   [mem 0x0000000100000000-0x000000011e4fffff]
[    0.000000]   Device   empty
[    0.000000] Movable zone start for each node
[    0.000000] Early memory node ranges
[    0.000000]   node   0: [mem 0x0000000000001000-0x000000000009efff]
[    0.000000]   node   0: [mem 0x0000000000100000-0x00000000dffeffff]
[    0.000000]   node   0: [mem 0x0000000100000000-0x000000011e4fffff]
[    0.000000] Initmem setup node 0 [mem 0x0000000000001000-0x000000011e4fffff]
[    0.000000] ACPI: PM-Timer IO Port: 0x4008
[    0.000000] IOAPIC[0]: apic_id 2, version 32, address 0xfec00000, GSI 0-23
[    0.000000] ACPI: INT_SRC_OVR (bus 0 bus_irq 0 global_irq 2 dfl dfl)
[    0.000000] ACPI: INT_SRC_OVR (bus 0 bus_irq 9 global_irq 9 low level)
[   0.000000] Using ACPI (MADT) for SMP configuration information
[    0.000000] smpboot: Allowing 2 CPUs, 0 hotplug CPUs
[    0.000000] PM: Registered nosave memory: [mem 0x00000000-0x00000fff]
[    0.000000] PM: Registered nosave memory: [mem 0x0009f000-0x0009ffff]
[    0.000000] PM: Registered nosave memory: [mem 0x000a0000-0x000effff]
[    0.000000] PM: Registered nosave memory: [mem 0x000f0000-0x000fffff]
[    0.000000] PM: Registered nosave memory: [mem 0xdfff0000-0xdfffffff]
[    0.000000] PM: Registered nosave memory: [mem 0xe0000000-0xfebfffff]
[    0.000000] PM: Registered nosave memory: [mem 0xfec00000-0xfec00fff]
[   0.000000] PM: Registered nosave memory: [mem 0xfec01000-0xfedfffff]
[    0.000000] PM: Ristered nosave memory: [mem 0xfee00000-0xfee00fff]
[    0.000000] PM: Registered nosave memory: [mem 0xfee01000-0xfffbffff]
[    0.000000] PM: Registered nosave memory: [mem 0xfffc0000-0xffffffff]
[    0.000000] e820: [mem 0xe0000000-0xfebfffff] available for PCI devices
[    0.000000] Booting paravirtualized kernel on KVM
[    0.000000] clocksource: refined-jiffies: mask: 0xffffffff max_cycles: 0xffffffff, max_idle_ns: 7645519600211568 ns
[    0.000000] setup_percpu: NR_CPUS:512 nr_cpumask_bits:512 nr_cpu_ids:2 nr_node_ids:1
[    0.000000] PERCPU: Embedded 34 pages/cpu @ffff88011e000000 s99544 r8192 d31528 u1048576
[    0.000000] PV qspinlock hash table entries: 256 (order: 0, 4096 bytes)
[    0.000000] Built 1 zonelists in Node order, mobility grouping on.  Total pages: 1025252
[    0.000000] Policy zone: Normal
[    0.000000] Kernel command line: BOOT_IMAE=/boot/vmlinuz-4.4.0-134-generic root=LABEL=cludimg-rootfs ro console=tty1 console=ttyS0
[    0.000000] PID hash table entries 4096 (order: 3, 32768 bes
[    0.000000] Memory: 4000596K/4166200K available (8554K kernel code, 1314K rwdata, 4004K rodata, 1516K init, 1316K bss, 165604K reserved, 0K cma-reserved)
[    0.000000] SLUB: HWalign=64, Order=0-3, MinObjects=0, CPUs=2, Nodes=1
[    0.000000] Kernel/User page tables isolation: enabled
[    0.000000] Hierarchical RCU implementation.
[    0.000000] 	Build-time adjustment of leaf fanout to 64.
[   0.000000] 	RCU restricting CPUs from NR_CPUS=512 to nr_cpu_ids=2.
[    0.000000] RCU: Adjusting geometry for rcu_fanout_leaf=64, nr_cpu_ids=2
[    0.000000] NR_IRQS:33024 nr_irqs:440 16
[    0.000000] Console: colour VGA+ 80x25
[    0.000000] console [tty1] enabled
[    0.000000] console [ttyS0] enabled
[   0.000000] tsc: Detected 2294.770 MHz processor
[   1.267717] Calibrating delay loop (skipped) preset value.. 45589.54 BogoMIPS (lpj=9179080)
[    1.295193] pid_max: default: 32768 minimum: 301
[    1.298710] ACPI: Core revision 20150930
[    1.304224] ACPI: 2 ACPI AML tables successfully acquired and loaded
[    1.310523] Security Framework initialized
[    1.314849] Yama: becoming mindful.
[    1.318497] AppArmor: AppArmor initialized
[    1.324456] Dentry cache hash table entries: 524288 (order: 10, 4194304 bytes)
[    1.341878] Inode-cache hash table entries: 262144 (order: 9, 2097152 bytes)
[    1.346790] Mount-cache hash table entries: 8192 (order: 4, 65536 bytes)
[    1.351186] Mountpoint-cache hash table entries: 8192 (order: 4, 65536 bytes)
[    1.358160] Initializing cgroup subsys io
[    1.363067] Initializing cgroup subsys memory
[    1.366473] Initializing cgroup subsys devices
[    1.370965] Initializing cgroup subsys freezer
[    1.374645] Initializing cgroup subsys net_cls
[    1.378876] Initializing cgroup subsys perf_event
[    1.383204] Initializing cgroup subsys net_prio
[    1.386334] Initializing cgroup subsys hugetlb
[    1.388140] Initializing cgroup subsys pids
[    1.390981] mce: CPU supports 0 MCE banks
[    1.394591] Last level iTLB entries: 4KB 512, 2MB 8, 4MB 8
[    1.399495] Last level dTLB entries: 4KB 512, 2MB 32, 4MB 32, 1GB 0
[    1.403337] Spectre V2 : Mitigation: Full generic retpoline
[    1.407289] Spectre V2 : Speculation control IBPB not-supported IBRS not-supported
[    1.412028] Speculative Store Bypass: Vulnerable
[    1.418375] Freeing SMP alternatives memory: 32K
[    1.434082] ftrace: allocating 32266 entries in 127 pages
[    1.508909] smpboot: APIC(0) Converting physical 0 to logical package 0
[    1.512750] smpboot: Max logical packages: 1
[    1.520415] x2apic enabled
[    1.523157] Switched APIC routing to physical x2apic.
[    1.542577] ..TIMER: vector=0x30 apic1=0 pin1=2 apic2=-1 pin2=-1
[    1.653619] smpboot: CPU0: Intel(R) Core(TM) i5-2415M CPU @ 2.30GHz (family: 0x6, model: 0x2a, stepping: 0x7)
[    1.662344] Performance Events: unsupported p6 CPU model 42 no PMU driver, software events only.
[    1.669872] KVM setup paravirtual spinlock
[    1.672250] x86: Booting SMP configuration:
[    1.675642] .... node  #0, CPUs:      #1
[    1.679599] kvm-clock: cpu 1, msr 1:1e4f3041, secondary cpu clock
[    1.682290] mce: CPU supports 0 MCE banks
[    1.685986] x86: Booted up 1 node, 2 CPUs
[    1.687947] smpboot: Total of 2 processors activated (9179.08 BogoMIPS)
[    1.693108] devtmpfs: initialized
[    1.696934] evm: security.selinux
[    1.699589] evm: security.SMACK64
[    1.702694] evm: security.SMACK64EXEC
[    1.707149] evm: security.SMACK64TRANSMUTE
[    1.710058] evm: security.SMACK64MMAP
[    1.714814] evm: security.ima
[    1.716076] evm: security.capability
[    1.717798] clocksource: jiffies: mask: 0xffffffff max_cycles: 0xffffffff, max_idle_ns: 7645041785100000 ns
[    1.721390] futex hash table entries: 512 (order: 3, 32768 bytes)
[    1.725271] pinctrl core: initialized pinctrl subsystem
[    1.728138] RTC time:  4:49:59, date: 09/03/18
[    1.732240] NET: Registered protocol family 16
[    1.754106] cpuidle: using governor ladder
[    1.766746] cpuidle: using governor menu
[    1.769252] PCCT header not found.
[    1.771610] ACPI: bus type PCI registered
[    1.773196] acpiphp: ACPI Hot Plug PCI Controller Driver version: 0.5
[    1.775773] PCI: Using configuration type 1 for base access
[    1.794645] ACPI: Added _OSI(Module Device)
[    1.796880] ACPI: Added _OSI(Processor Device)
[    1.799216] ACPI: Added _OSI(3.0 _SCP Extensions)
[    1.801513] ACPI: Added _OSI(Processor Aggregator Device)
[    1.805538] ACPI: Executed 1 blocks of module-level executable AML code
[    1.811359] ACPI: Interpreter enabled
[    1.814632] ACPI: (supports S0 S5)
[    1.816529] ACPI: Using IOAPIC for interrupt routing
[    1.825271] PCI: Using host bridge windows from ACPI; if necessary, use "pci=nocrs" and report a bug
[    1.852684] ACPI: PCI Root Bridge [PCI0] (domain 0000 [bus 00-ff])
[    1.866909] acpi PNP0A03:00: _OSC: OS supports [ASPM ClockPM Segments MSI]
[    1.879438] acpi PNP0A03:00: _OSC: not requesting OS control; OS requires [ExtendedConfig ASPM ClockPM MSI]
[    1.893884] acpi PNP0A03:00: fail to add MMCONFIG information, can't access extended PCI configuration space under this bridge.
[    1.900268] PCI host bridge to bus 0000:00
[    1.902478] pci_bus 0000:00: root bus resource [io  0x0000-0x0cf7 window]
[    1.911202] pci_bus 0000:00: root bus resource [io  0x0d00-0xffff window]
[    1.925800] pci_bus 0000:00: root bus resource [mem 0x000a0000-0x000bffff window]
[    1.959583] pci_bus 0000:00: root bus resource [mem 0xe0000000-0xfdffffff window]
[    1.968761] pci_bus 0000:00: root bus resource [bus 00-ff]
[    1.975910] pci 0000:00:01.1: legacy IDE quirk: reg 0x10: [io  0x01f0-0x01f7]
[    1.981377] pci 0000:00:01.1: legacy IDE quirk: reg 0x14: [io  0x03f6]
[    1.984965] pci 0000:00:01.1: legacy IDE quirk: reg 0x18: [io  0x0170-0x0177]
[    1.988618] pci 0000:00:01.1: legacy IDE quirk: reg 0x1c: [io  0x0376]
[    2.056477] pci 0000:00:07.0: quirk: [io  0x4000-0x403f] claimed by PIIX4 ACPI
[    2.060325] pci 0000:00:07.0: quirk: [io  0x4100-0x410f] claimed by PIIX4 SMB
[    2.111432] ACPI: PCI Interrupt Link [LNKA] (IRQs 5 9 10 *11)
[    2.115590] ACPI: PCI Interrupt Link [LNKB] (IRQs 5 9 *10 11)
[    2.119483] ACPI: PCI Interrupt Link [LNKC] (IRQs 5 *9 10 11)
[    2.129192] ACPI: PCI Interrupt Link [LNKD] (IRQs 5 9 10 *11)
[    2.140814] ACPI: Enabled 2 GPEs in block 00 to 07
[    2.144556] vgaarb: setting as boot device: PCI:0000:00:02.0
[    2.153546] vgaarb: device added: PCI:0000:00:02.0,decodes=io+mem,owns=io+mem,locks=none
[    2.158489] vgaarb: loaded
[    2.160288] vgaarb: bridge control possible 0000:00:02.0
[    2.163778] SCSI subsystem initialized
[    2.166678] ACPI: bus type USB registered
[    2.175056] usbcore: registered new interface driver usbfs
[    2.184289] usbcore: registered new interface driver hub
[    2.188035] usbcore: registered new device driver usb
[    2.193493] PCI: Using ACPI for IRQ routing
[    2.199441] NetLabel: Initializing
[    2.202044] NetLabel:  domain hash size = 128
[    2.210948] NetLabel:  protocols = UNLABELED CIPSOv4
[    2.219284] NetLabel:  unlabeled traffic allowed by default
[    2.223887] amd_nb: Cannot enumerate AMD northbridges
[    2.228955] clocksource: Switched to clocksource kvm-clock
[   255836] AppArmor: AppArmor Filesystem Enabled
[    2.364246] pnp: PnP ACPI init
[   .367289] pnp: PnP ACPI: found 3 devices

[   .43962] clocksource: acpi_pm: mask: 0xffffff max_cycles: 0xffffff, max_idle_ns: 2085701024 ns
[   2.556686] NET: Registered protocol family 2

[    2.584670] TCP established hash table entries: 32768 (order: 6, 262144 bytes)
[    2.587837] TCP bind hash table entries: 32768 (order: 7, 524288 bytes)
[   .52003] TCP: Hash tables configured (established 32768 bind 32768)
[    2.686887] UDP hash table entries: 2048 (order: 4, 65536 bytes)
[    2.689697] UDP-Lite hash table entries: 2048 (order: 4, 65536 bytes)
[   .62118] NET: Registered protocol family 1
[   2.8467] pci 0000:00:00.0: Limiting direct PCI/PCI transfers
[   .8219] pci 0000:00:01.0: Activating ISA DMA hang workarounds
[    3.000094] Unpacking initramfs...

[    3.313801] Freeing initrd memory: 14792K
[    3.323559] PCI-DMA: Using software bounce buffering for IO (SWIOTLB)
[    3.327634] software IO TLB [mem 0xdbff0000-0xdfff0000] (64MB) mapped at [ffff8800dbff0000-ffff8800dffeffff]
[    3.348129] RAPL PMU detected, API unit is 2^-32 Joules, 3 fixed counters 10737418240 ms ovfl timer
[    3.352907] hw unit of domain pp0-core 2^-0 Joules
[    3.355539] hw unit of domain package 2^-0 Joules
[    3.358058] hw unit of domain pp1-gpu 2^-0 Joules
[    3.360452] platform rtc_cmos: registered platform RTC device (no PNP device found)
[    3.365187] Scanning for low memory corruption every 60 seconds
[    3.370930] audit: initializing netlink subsys (disabled)
[    3.405672] audit: type=2000 audit(1535950207.449:1): initialized
[    3.433538] Initialise system trusted keyring
[    3.461775] HugeTLB registered 2 MB page size, pre-allocated 0 pages
[    3.490558] zbud: loaded
[    3.501925] VFS: Disk quotas dquot_6.6.0
[    3.551291] VFS: Dquot-cache hash table entries: 512 (order 0, 4096 bytes)
[    3.555288] squashfs: version 4.0 (2009/01/31) Phillip Lougher
[    3.561255] fuse init (API version 7.23)
[    3.566237] Key type big_key registered
[    3.568194] Allocating IMA MOK and blacklist keyrings.
[    3.574601] Key type asymmetric registered
[    3.576213] Asymmetric key parser 'x509' registered
[    3.624894] Block layer SCSI generic (bsg) driver version 0.4 loaded (major 249)
[    3.628007] io scheduler noop registered
[    3.634881] io scheduler deadline registered (default)
[    3.637534] io scheduler cfq registered
[    3.639178] pci_hotplug: PCI Hot Plug PCI Core version: 0.5
[    3.645729] pciehp: PCI Express Hot Plug Controller Driver version: 0.4
[    3.649330] ACPI: AC Adapter [AC] (on-line)
[    3.651131] input: Power Button as /devices/LNXSYSTM:00/LNXPWRBN:00/input/input0
[    3.656004] ACPI: Power Button [PWRF]
[    3.666999] input: Sleep Button as /devices/LNXSYSTM:00/LNXSLPBN:00/input/input1
[    3.672308] ACPI: Sleep Button [SLPF]
[    3.676038] ACPI: Battery Slot [BAT0] (battery present)
[    3.678205] GHES: HEST is not enabled!
[    3.684387] Serial: 8250/16550 driver, 32 ports, IRQ sharing enabled
[    3.711992] 00:02: ttyS0 at I/O 0x3f8 (irq = 4, base_baud = 115200) is a 16550A
[    3.719536] Linux agpgart interface v0.103
[    3.727655] loop: module loaded
[    3.731138] scsi host0: ata_piix
[    3.732844] scsi host1: ata_piix
[    3.734791] ata1: PATA max UDMA/33 cmd 0x1f0 ctl 0x3f6 bmdma 0xd000 irq 14
[    3.737652] ata2: PATA max UDMA/33 cmd 0x170 ctl 0x376 bmdma 0xd008 irq 15
[    3.755308] libphy: Fixed MDIO Bus: probed
[    3.766018] tun: Universal TUN/TAP device driver, 1.6
[    3.772383] tun: (C) 1999-2004 Max Krasnyansky <maxk@qualcomm.com>
[    3.774911] PPP generic driver version 2.4.2
[    3.776653] ehci_hcd: USB 2.0 'Enhanced' Host Controller (EHCI) Driver
[    3.780233] ehci-pci: EHCI PCI platform driver
[    3.782159] ehci-platform: EHCI generic platform driver
[    3.786044] ohci_hcd: USB 1.1 'Open' Host Controller (OHCI) Driver
[    3.788956] ohci-pci: OHCI PCI platform driver
[    3.790746] ohci-platform: OHCI generic platform driver
[    3.794516] uhci_hcd: USB Universal Host Controller Interface driver
[    3.805555] i8042: PNP: PS/2 Controller [PNP0303:PS2K,PNP0f03:PS2M] at 0x60,0x64 irq 1,12
[    3.810425] serio: i8042 KBD port at 0x60,0x64 irq 1
[    3.820456] serio: i8042 AUX port at 0x60,0x64 irq 12
[    3.822714] mousedev: PS/2 mouse device common for all mice
[    3.835739] rtc_cmos rtc_cmos: rtc core: registered rtc_cmos as rtc0
[    3.838422] input: AT Translated Set 2 keyboard as /devices/platform/i8042/serio0/input/input2
[    3.848106] rtc_cmos rtc_cmos: alarms up to one day, 114 bytes nvram
[    3.851928] i2c /dev entries driver
[    3.853988] device-mapper: uevent: version 1.0.3
[    3.856112] device-mapper: ioctl: 4.34.0-ioctl (2015-10-28) initialised: dm-devel@redhat.com
[    3.861844] ledtrig-cpu: registered to indicate activity on CPUs
[    3.867782] NET: Registered protocol family 10
[    3.871044] NET: Registered protocol family 17
[    3.872767] Key type dns_resolver registered
[    3.876528] registered taskstats version 1
[    3.879930] Loading compiled-in X.509 certificates
[    3.886916] Loaded X.509 cert 'Build time autogenerated kernel key: 4eb3d024ac16f76c1747ffd474694c84db21038b'
[    3.896428] zswap: loaded using pool lzo/zbud
[    3.903219] Key type trusted registered
[    3.910816] Key type encrypted registered
[    3.914112] AppArmor: AppArmor sha1 policy hashing enabled
[    3.922454] ima: No TPM chip found, activating TPM-bypass!
[    3.924674] ima: Allocated hash algorithm: sha1
[    3.927598] evm: HMAC attrs: 0x1
[    3.931196]   Magic number: 2:452:817
[    3.933073] rtc_cmos rtc_cmos: setting system clock to 2018-09-03 04:50:01 UTC (1535950201)
[    3.936429] BIOS EDD facility v0.16 2004-Jun-25, 0 devices found
[    3.939819] EDD information not available.
[    3.943613] Freeing unused kernel memory: 1516K
[    3.957400] Write protecting the kernel read-only data: 14336k
[    3.960338] Freeing unused kernel memory: 1672K
[    3.962463] Freeing unused kernel memory: 92K
Loading, please wait...
starting version[    3.983900] random: systemd-udevd: uninitialized urandom read (16 bytes read, 3 bits of entropy available)
 229
[    3.984807] random: udevadm: uninitialized urandom read (16 bytes read, 3 bits of entropy available)
[    3.984841] random: udevadm: uninitialized urandom read (16 bytes read, 3 bits of entropy available)
[    3.998949] random: systemd-udevd: uninitialized urandom read (16 bytes read, 3 bits of entropy available)
[    4.004195] random: systemd-udevd: uninitialized urandom read (16 bytes read, 3 bits of entropy available)
[    4.005511] random: udevadm: uninitialized urandom read (16 bytes read, 3 bits of entropy available)
[    4.005582] random: udevadm: uninitialized urandom read (16 bytes read, 3 bits of entropy available)
[    4.005836] random: udevadm: uninitialized urandom read (16 bytes read, 3 bits of entropy available)
[    4.005935] random: udevadm: uninitialized urandom read (16 bytes read, 3 bits of entropy available)
[    4.006034] random: udevadm: uninitialized urandom read (16 bytes read, 3 bits of entropy available)
[    4.104758] e1000: Intel(R) PRO/1000 Network Driver - version 7.3.21-k8-NAPI
[    4.109344] e1000: Copyright (c) 1999-2006 Intel Corporation.
[    4.148158] Fusion MPT base driver 3.04.20
[    4.150830] Copyright (c) 1999-2008 LSI Corporation
[    4.188651] AVX version of gcm_enc/dec engaged.
[    4.201368] AES CTR mode by8 optimization enabled
[    4.238875] Fusion MPT SPI Host driver 3.04.20
[    4.342893] input: ImExPS/2 Generic Explorer Mouse as /devices/platform/i8042/serio1/input/input4
[    4.357152] tsc: Refined TSC clocksource calibration: 2294.014 MHz
[    4.366537] clocksource: tsc: mask: 0xffffffffffffffff max_cycles: 0x21111e58574, max_idle_ns: 440795246053 ns
[    4.723509] e1000 0000:00:03.0 eth0: (PCI:33MHz:32-bit) 02:1d:76:b3:3c:fe
[    4.750552] e1000 0000:00:03.0 eth0: Intel(R) PRO/1000 Network Connection
[    4.757988] mptbase: ioc0: Initiating bringup
[    5.322255] ioc0: LSI53C1030 A0: Capabilities={Initiator}
[    6.419374] scsi host2: ioc0: LSI53C1030 A0, FwRev=00000000h, Ports=1, MaxQ=256, IRQ=20
[    7.306092] scsi 2:0:0:0: Direct-Access     VBOX     HARDDISK         1.0  PQ: 0 ANSI: 5
[    7.326351] scsi target2:0:0: Beginning Domain Validation
[    7.385581] scsi target2:0:0: Domain Validation skipping write tests
[    7.388833] scsi target2:0:0: Ending Domain Validation
[    7.391287] scsi target2:0:0: asynchronous
[    7.394544] scsi 2:0:1:0: Direct-Access     VBOX     HARDDISK         1.0  PQ: 0 ANSI: 5
[    7.399404] scsi target2:0:1: Beginning Domain Validation
[    7.404995] scsi target2:0:1: Domain Validation skipping write tests
[    7.409219] scsi target2:0:1: Ending Domain Validation
[    7.412040] scsi target2:0:1: asynchronous
[    7.426440] sd 2:0:0:0: Attached scsi generic sg0 type 0
[    7.429442] sd 2:0:0:0: [sda] 41943040 512-byte logical blocks: (21.5 GB/20.0 GiB)
[    7.434428] sd 2:0:1:0: [sdb] 20480 512-byte logical blocks: (10.5 MB/10.0 MiB)
[    7.439878] sd 2:0:1:0: Attached scsi generic sg1 type 0
[    7.444043] sd 2:0:0:0: [sda] Write Protect is off
[    7.446461] sd 2:0:1:0: [sdb] Write Protect is off
[    7.449107] sd 2:0:0:0: [sda] Incomplete mode parameter data
[    7.452109] sd 2:0:0:0: [sda] Assuming drive cache: write through
[    7.455638] sd 2:0:1:0: [sdb] Incomplete mode parameter data
[    7.458379] sd 2:0:1:0: [sdb] Assuming drive cache: write through
[    7.471375]  sda: sda1
[    7.474314] sd 2:0:0:0: [sda] Attached SCSI disk
[    7.505798] sd 2:0:1:0: [sdb] Attached SCSI disk
[    7.779923] e1000 0000:00:08.0 eth1: (PCI:33MHz:32-bit) 08:00:27:e3:d9:3b
[    7.782663] e1000 0000:00:08.0 eth1: Intel(R) PRO/1000 Network Connection
[    7.789069] e1000 0000:00:08.0 enp0s8: renamed from eth1
[    7.802163] e1000 0000:00:03.0 enp0s3: renamed from eth0
Begin: Loading essential drivers ... [    9.537510] md: linear personality registered for level -1
[    9.549245] md: multipath personality registered for level -4
[    9.560428] md: raid0 personality registered for level 0
[    9.572089] md: raid1 personality registered for level 1
[    9.654107] raid6: sse2x1   gen()  7444 MB/s
[    9.721125] raid6: sse2x1   xor()  5713 MB/s
[    9.789117] raid6: sse2x2   gen()  9047 MB/s
[    9.857231] raid6: sse2x2   xor()  6472 MB/s
[    9.925140] raid6: sse2x4   gen() 10752 MB/s
[    9.993146] raid6: sse2x4   xor()  8008 MB/s
[    9.994850] raid6: using algorithm sse2x4 gen() 10752 MB/s
[    9.999254] raid6: .... xor() 8008 MB/s, rmw enabled
[   10.005086] raid6: using ssse3x2 recovery algorithm
[   10.010124] xor: automatically using best checksumming function:
[   10.053066]    avx       : 36462.000 MB/sec
[   10.056793] async_tx: api initialized (async)
[   10.079542] md: raid6 personality registered for level 6
[   10.081878] md: raid5 personality registered for level 5
[   10.086692] md: raid4 personality registered for level 4
[   10.100245] md: raid10 personality registered for level 10
done.
Begin: Running /scripts/init-premount ... done.
Begin: Mounting root file system ... Begin: Running /scripts/local-top ... done.
Begin: Running /scripts/local-premount ... [   10.147770] Btrfs loaded
Scanning for Btrfs filesystems
done.
Warning: fsck not present, so skipping root file system
[   10.717788] EXT4-fs (sda1): mounted filesystem with ordered data mode. Opts: (null)
done.
Begin: Running /scripts/local-bottom ... done.
Begin: Running /scripts/init-bottom ... done.
[   11.139631] random: nonblocking pool is initialized
[   11.214981] systemd[1]: systemd 229 running in system mode. (+PAM +AUDIT +SELINUX +IMA +APPARMOR +SMACK +SYSVINIT +UTMP +LIBCRYPTSETUP +GCRYPT +GNUTLS +ACL +XZ -LZ4 +SECCOMP +BLKID +ELFUTILS +KMOD -IDN)
[   11.221398] systemd[1]: Detected virtualization oracle.
[  11.225465] systemd[1]: Detected architecture x86-64.

Welcome to [1mUbuntu 16.04.5 LTS[0m!

[   11.416168] systemd[1]: Set hostname to <ubuntu>.
[   11.454438] systemd[1]: Initializing machine ID from random generator.
[  1.456930] systemd[1]: Installed transient /etc/machine-id file.
[   12.896213] systemd[1]: Listening on udev Control Socket.
[[0;32m  OK  [0m] Listening on udev Control Socket.
[   12.903597] systemd[1]: Listening on Journal Audit Socket.
[[0;32m  OK  [0m] Listening on Journal Audit Socket.
[   12.910956] systemd[1]: Reached target Swap.
[[0;32m  OK  [0m] Reached target Swap.
[   12.918453] systemd[1]: Listening on Journal Socket.
[[0;32m  OK  [0m] Listening on Journal Socket.
[   13.402856] systemd[1]: Started Forward Password Requests to Wall Directory Watch.
[[0;32m  OK  [0m] Started Forward Password Requests to Wall Directory Watch.
[  1.576550] systemd[1]: Litening on LVM2 poll daemon socket.
[[0;32m  OK  [0m] Listening on LVM2 poll daemon socket.
[   13.832034] systemd[1]: Created slice System Slice.
[[0;32m  OK  [0m] Created slice System Slice.
[   14.438313] systemd[1]: Mounting Debug File System...
         Mounting Debug File System...
[   14.454579] systemd[1]: Mounting POSIX Message Queue File System...
         Mounting POSIX Message Queue File System...
[   14.545617] systemd[1]: Starting Load Kernel Modules...
         Starting Load Kernel Modules...
[   14.554227] systemd[1]: Starting Remount Root and Kernel File Systems...
         Starting Remount Root and Kernel File Systems...
[   14.561906] systemd[1]: Starting Uncomplicated firewall...
         Starting Uncomplicated firewall...
[   14.567748] systemd[1]: Set up automount Arbitrary Executable File Formats File System Automount Point.
[[0;32m  OK  [0m] Set up automount Arbitrary Executab...ats File System Automount Point.
[   14.640632] EXT4-fs (sda1): re-mounted. Opts: (null)
[   14.668021] systemd[1]: Created slice User and Session Slice.
[[0;32m  OK  [0m] Created slice User and Session Slice.
[   14.701718] systemd[1]: Reached target Slices.
[[0;32m  OK  [0m] Reached target S[   14.708503] Loading iSCSI transport class v2.0-870.
lices.
[   14.715506] systemd[1]: Listening on Device-mapper event daemon FIFOs.
[[0;32m  OK  [0m] Listening on Device-mapper event daemon FIFOs.
[   14.723385] systemd[1]: Listening on udev Kernel Socket.
[   14.725931] iscsi: registered transport (tcp)
[[0;32m  OK  [0m] Listening on udev Kernel Socket.
[   14.745366] systemd[1]: Mounting Huge Pages File System...
         Mounting Huge Pages File System...
[   14.752379] systemd[1]: Listening on /dev/initctl Compatibility Named Pipe.
[[0;32m  OK  [0m] Listening on /dev/initctl Compatibility Named Pipe.
[   14.770090] systemd[1]: Created slice system-serial\x2dgetty.slice.
[[0;32m  OK  [0m] Created slice system-serial\x2dgetty.slice.
[   14.800866] systemd[1]: Listening on Journal Socket (/dev/log).
[[0;32m  OK  [0m] Listening on Journal Socket (/dev/log).
[   14.841288] systemd[1]: Starting Create list of required static device nodes for the current kernel...
         Starting Create list of required st... nodes for the current kernel...
[   14.851938] systemd[1]: Reached target System Time Synchronized.
[[0;32m  OK  [0m] Reached target System Time Synchronized.
[   14.864215] systemd[1]: Starting Nameserver information manager...
         Starting Nameserver information manager...
[   14.871162] systemd[1]: Listening on Syslog Socket.
[[0;32m  OK  [0m] Listening on Syslog Socket.
[   14.876546] systemd[1]: Starting Journal Service...
         Starting Journal Service...
[   14.890113] systemd[1]: Started Trigger resolvconf update for networkd DNS.
[[0;32m  OK  [0m] Started Trigger resolvconf update for networkd DNS.
[   14.914011] systemd[1]: Starting Set console keymap...
         Starting Set console keymap...
[   14.925487] systemd[1]: Listening on LVM2 metadata daemon socket.
[[0;32m  OK  [0m] Listening on LVM2 metadata daemon socket.
[   14.942763] systemd[1]: Starting Monitoring of LVM2 mirrors, snapshots etc. using dmeventd or progress polling...
         Starting Monitoring of LVM2 mirrors... dmeventd or progress polling...
[   14.956524] systemd[1]: Reached target Encrypted Volumes.
[[0;32m  OK  [0m] Reached target Encrypted Volumes.
[   14.963273] systemd[1]: Reached target User and Group Name Lookups.
[[0;32m  OK  [0m] Reached target User and Group Name Lookups.
[   14.996136] systemd[1]: Mounted Debug File System.
[[0;32m  OK  [0m] Mounted Debug File System.
[   15.010687] systemd[1]: Mounted Huge Pages File System.
[[0;32m  OK  [0m] Mounted Huge Pages File System.
[   15.025303] systemd[1]: Mounted POSIX Message Queue File System.
[[0;32m  OK  [0m] Mounted POSIX Message Queue File System.
[   15.042286] iscsi: registered transport (iser)
[   15.045587] systemd[1]: Started Remount Root and Kernel File Systems.
[[0;32m  OK  [0m] Started Remount Root and Kernel File Systems.
[   15.052816] systemd[1]: Started Load Kernel Modules.
[[0;32m  OK  [0m] Started Load Kernel Modules.
[   15.062476] systemd[1]: Started Uncomplicated firewall.
[[0;32m  OK  [0m] Started Uncomplicated firewall.
[   15.071186] systemd[1]: Started Create list of required static device nodes for the current kernel.
[[0;32m  OK  [0m] Started Create list of required sta...ce nodes for the current kernel.
[   15.161521] systemd[1]: Starting Create Static Device Nodes in /dev...
         Starting Create Static Device Nodes in /dev...
[   15.171070] systemd[1]: Mounting FUSE Control File System...
         Mounting FUSE Control File System...
[   15.178301] systemd[1]: Starting Apply Kernel Variables...
         Starting Apply Kernel Variables...
[   15.194891] systemd[1]: Starting Load/Save Random Seed...
         Starting Load/Save Random Seed...
[   15.273648] systemd[1]: Starting udev Coldplug all Devices...
         Starting udev Coldplug all Devices...
[   15.292818] systemd[1]: Mounted FUSE Control File System.
[[0;32m  OK  [0m] Mounted FUSE Control File System.
[   15.307045] systemd[1]: Started Nameserver information manager.
[[0;32m  OK  [0m] Started Nameserver information manager.
[   15.335887] systemd[1]: Started Load/Save Random Seed.
[[0;32m  OK  [0m] Started Load/Save Random Seed.
[   15.379181] systemd[1]: Started Journal Service.
[[0;32m  OK  [0m] Started Journal Service.
[[0;32m  OK  [0m] Started Set console keymap.
[[0;32m  OK  [0m] Started Apply Kernel Variables.
[[0;32m  OK  [0m] Started LVM2 metadata daemon.
         Starting Flush Journal to Persistent Storage...
[[0;32m  OK  [0m] Started udev Coldplug all Devices.
[[0;32m  OK  [0m] Started Flush Journal to Persistent Storage.
[[0;32m  OK  [0m] Started Create Static Device Nodes in /dev.
         Starting udev Kernel Device Manager...
[[0;32m  OK  [0m] Started Monitoring of LVM2 mirrors,...ng dmeventd or progress polling.
[[0;32m  OK  [0m] Started udev Kernel Device Manager.
[[0;32m  OK  [0m] Reached target Local File Systems (Pre).
[[0;32m  OK  [0m] Reached target Local File Systems.
         Starting Tell Plymouth To Write Out Runtime Data...
         Starting Create Volatile Files and Directories...
         Starting Initial cloud-init job (pre-networking)...
         Starting Commit a transient machine-id on disk...
         Starting Set console font and keymap...
         Starting LSB: AppArmor initialization...
[[0;32m  OK  [0m] Started Dispatch Password Requests to Console Directory Watch.
[[0;32m  OK  [0m] Started Tell Plymouth To Write Out Runtime Data.
[[0;32m  OK  [0m] Started Create Volatile Files and Directories.
[[0;32m  OK  [0m] Started Commit a transient machine-id on disk.
         Starting Update UTMP about System Boot/Shutdown...
[[0;32m  OK  [0m] Started Update UTMP about System Boot/Shutdown.
[[0;32m  OK  [0m] Found device /dev/ttyS0.
[[0;32m  OK  [0m] Listening on Load/Save RF Kill Switch Status /dev/rfkill Watch.
[[0;32m  OK  [0m] Started Set console font and keymap.
[[0;32m  OK  [0m] Created slice system-getty.slice.
[[0;32m  OK  [0m] Started LSB: AppArmor initialization.
[   20.678443] cloud-init[489]: Cloud-init v. 18.3-9-g2e62cb8a-0ubuntu1~16.04.2 running 'init-local' at Mon, 03 Sep 2018 04:50:18 +0000. Up 19.28 seconds.
[[0;32m  OK  [0m] Started Initial cloud-init job (pre-networking).
[[0;32m  OK  [0m] Reached target Network (Pre).
         Starting Raise network interfaces...
[[0;32m  OK  [0m] Started Raise network interfaces.
[[0;32m  OK  [0m] Reached target Network.
         Starting Initial cloud-init job (metadata service crawler)...
[   23.600296] cloud-init[948]: Cloud-init v. 18.3-9-g2e62cb8a-0ubuntu1~16.04.2 running 'init' at Mon, 03 Sep 2018 04:50:20 +0000. Up 21.78 seconds.
[   23.623634] cloud-init[948]: ci-info: ++++++++++++++++++++++++++++++++++++++Net device info+++++++++++++++++++++++++++++++++++++++
[   23.650688] cloud-init[948]: ci-info: +--------+-------+----------------------------+---------------+--------+-------------------+
[   23.671954] cloud-init[948]: ci-info: | Device |   Up  |          Address           |      Mask     | Scope  |     Hw-Address    |
[   23.687023] cloud-init[948]: ci-info: +--------+-------+----------------------------+---------------+--------+-------------------+
[   23.730068] cloud-init[948]: ci-info: | enp0s3 |  True |         10.0.2.15          | 255.255.255.0 | global | 02:1d:76:b3:3c:fe |
[   23.753679] cloud-init[948]: ci-info: | enp0s3 |  True | fe80::1d:76ff:feb3:3cfe/64 |       .       |  link  | 02:1d:76:b3:3c:fe |
[   23.771119] cloud-init[948]: ci-info: | enp0s8 | False |             .              |       .       |   .    | 08:00:27:e3:d9:3b |
[   23.793929] cloud-init[948]: ci-info: |   lo   |  True |         127.0.0.1          |   255.0.0.0   |  host  |         .         |
[   23.893885] cloud-init[948]: ci-info: |   lo   |  True |          ::1/128           |       .       |  host  |         .         |
[   24.065097] cloud-init[948]: ci-info: +--------+-------+----------------------------+---------------+--------+-------------------+
[   24.066965] cloud-init[948]: ci-info: +++++++++++++++++++++++++++Route IPv4 info++++++++++++++++++++++++++++
[[0;32m  OK  [0m] Started Initial cloud-init job (metadata service crawler).
[   24.068068] cloud-init[948]: ci-info: +-------+-------------+----------+---------------+-----------+-------+
[   24.231905] cloud-init[948]: ci-info: | Route | Destination | Gateway  |    Genmask    | Interface | Flags |
[   24.248402] cloud-init[948]: ci-info: +-------+-------------+----------+---------------+-----------+-------+
[[   24.271354] cloud-init[948]: ci-info: |   0   |   0.0.0.0   | 10.0.2.2 |    0.0.0.0    |   enp0s3  |   UG  |
[   24.273494] cloud-init[948]: ci-info: |   1   |   10.0.2.0  | 0.0.0.0  | 255.255.255.0 |   enp0s3  |   U   |
[0;32m  OK  [0m] Reached target Network is Online.
[   24.278835] cloud-init[948]: ci-info: +-------+-------------+----------+---------------+-----------+-------+
[   24.607746] cloud-init[948]: ci-info: +++++++++++++++++++Route IPv6 info+++++++++++++++++++
[   24.609093]          cloud-initStarting iSCSI initiator daemon (iscsid)...[948]: 
ci-info: +-------+-------------+---------+-----------+-------+
[   24.714207] cloud-init[948]: ci-info: | Route | Destination | Gateway | Interface | Flags |
[   24.718657] cloud-init[948]: ci-info: +-------+-------------+---------+-----------+-------+
[[0;32m  OK  [0m] Reached target Cloud-config availability.
[   24.725645] cloud-init[948]: ci-info: |   0   |  fe80::/64  |    ::   |   enp0s3  |   U   |
[   24.738528] cloud-init[948]: ci-info: |   3   |   ff00::/8  |    ::   |   enp0s3  |   U   |
[   24.742253] cloud-init[948]: ci-info: +-------+-------------+---------+-----------+-------+
[[0;32m  OK  [0m] Reached target System Initialization.
[[   24.747507] cloud-init[948]: Generating public/private rsa key pair.
[   24.772792] cloud-init[948]: Your identification has been saved in /etc/ssh/ssh_host_rsa_key.
[0;32m  OK  [0m] Listening on D-Bus System Message Bus Socket.
[[   24.773476] cloud-init[948]: Your public key has been saved in /etc/ssh/ssh_host_rsa_key.pub.
[   24.800691] cloud-init[948]: The key fingerprint is:
[0;32m  OK  [0m] Started Daily Cleanup of Temporary Directories.
[   24.801947] cloud-init[948]: SHA256:3iBEa6LM+umhzIECy8SV4dx61SXj5/eMNKZQICH8eR0 root@ubuntu-xenial
[   24.902264] cloud-init[948]: The key's randomart image is:
[[0;32m  OK  [0m] Listening on UUID daemon activation socket.
[   24.903085] cloud-init[948]: +---[RSA 2048]----+
[   25.109399] cloud-init[948]: |   ....o.+ .     |
[   25.110455] cloud-init[948]: |  o +o..+ =E     |
[[0;32m  OK  [0m] Started ACPI Events Check.
[   25.111050] cloud-init[948]: |   =..=..o.o.    |
[   25.174043] cloud-init[948]: |.o...+.o .+.     |
[   25.174209] cloud-init[948]: |.o+. .. S. . =   |
[   25.174983] cloud-init[948]: |=o  .  o o. = =  |
[[0;32m  OK  [0m] Reached target Paths.
[   25.175126] cloud-init[948]: |=o.     . .. . o |
[   25.423259] cloud-init[948]: |+o.o             |
[[0;32m  OK  [0m] Started Daily apt download activities.
[   25.423802] cloud-init[948]: |.++              |
[[   25.635407] cloud-init[948]: +----[SHA256]-----+
[   25.637056] cloud-init[948]: Generating public/private dsa key pair.
[0;32m  OK  [0m] Started Daily apt upgrade and clean activities.
         Starting Socket activation for snappy daemon.
[   25.637704] cloud-init[948]: Your identification has been saved in /etc/ssh/ssh_host_dsa_key.
[   26.285680] cloud-init[948]: Your public key has been saved in /etc/ssh/ssh_host_dsa_key.pub.
[[0;32m  OK  [0m] Reached target Timers.
[   26.286628] cloud-init[948]: The key fingerprint is:
         [   26.325077] cloud-init[948]: SHA256:6KbXNp9GuLZUSw0phYYSlh0DKrQXaMYZ1AIa/lRQEeE root@ubuntu-xenial
[   26.326834] cloud-init[948]: The key's randomart image is:
Starting LXD - unix socket.
[   26.328689] cloud-init[948]: +---[DSA 1024]----+
[   26.343481] cloud-init[948]: |*+=o*@*o ..      |
[   26.345936] cloud-init[948]: |+O.+* o.o. .     |
[[0;32m  OK  [0m] Listening on ACPID Listen Socket.
[   26.346211] cloud-init[948]: |=ooo E .. o      |
[   26.366846] cloud-init[948]: | .+    . . o     |
[   26.374388] cloud-init[948]: |   .  . S.o .    |
[   26.384723] cloud-init[948]: |     .  .o..     |
[   26.387362] cloud-init[948]: |      o..o.      |
[[0;32m  OK  [0m] Listening on Socket activation for snappy daemon.
[[0;32m  OK  [0m] Listening on LXD - unix socket.[   26.389444] cloud-init[948]: |     o..* ..     |
[   26.404927] cloud-init[948]: |    .. o.=o      |
[   26.405084] cloud-init[948]: +----[SHA256]-----+
[   26.405238] cloud-init[948]: Generating public/private ecdsa key pair.
[   26.405462] cloud-init[948]: Your identification has been saved in /etc/ssh/ssh_host_ecdsa_key.
[   26.405617] cloud-init[948]: Your public key has been saved in /etc/ssh/ssh_host_ecdsa_key.pub.
[   26.405776] cloud-init[948]: The key fingerprint is:
[   26.405915] cloud-init[948]: SHA256:qKyxu4THh1pOir4PBu6NQEseZ9OtH1bpweSuB5f1m3o root@ubuntu-xenial
[   26.406054] cloud-init[948]: The key's randomart image is:
[   26.406197] cloud-init[948]: +---[ECDSA 256]---+
[   26.406496] cloud-init[948]: |                 |
[   26.407754] cloud-init[948]: |                 |
[   26.407849] cloud-init[948]: |         .       |
[   26.407942] cloud-init[948]: |    . ..+ ..     |
[   26.408032] cloud-init[948]: |.+ + ...S*o .    |

[[0;32m  OK  [0m] Started iSCSI initiator daemon (iscsid).
[   26.408257] cloud-init[948]: |*o=o....+o.  .   |
[   26.728994] cloud-init[948]: |o*O +. ooo    o  |
         Starting Login to default iSCSI targets...
[[0;32m  OK  [0m] Reached target Sockets.
[[0;32m  OK  [0m] Reached target Basic System.
[   26.778237] cloud-init[948]: |=O+=  o o.   E   |
[   26.950967] cloud-init[948]: |==O=   o.  .o    |
[   27.001278] cloud-init[948]: +----[SHA256]-----+
[   27.097752] [[0;32m  OK  [0m] Started FUSE filesystem for LXC.
cloud-init[948]: Generating public/private ed25519 key pair.
[   27.204898] cloud-init[948]: Your identification has been saved in /etc/ssh/ssh_host_ed25519_key.
         Starting Pollinate to seed the pseudo random number generator...
[   27.217614] cloud-init[948]: Your public key has been saved in /etc/ssh/ssh_host_ed25519_key.pub.
[   27.251872] cloud-init[[948]: [0;32m  OK  [0mThe key fingerprint is:] 
Started Regular background program processing daemon.
[   27.256075] [[0;32m  OK  [0m] Started Unattended Upgrades Shutdown.
cloud-init[948]: SHA256:yLwhaUG31eXi4SHRgBm8arkdkAtUfrnKzquxYlR749Q root@ubuntu-xenial
[   27.298178] [[0;32m  OK  [0m] Started D-Bus System Message Bus.
cloud-init[948]: The key's randomart image is:
[   27.309404] cloud-init[948]: +--[ED25519 256]--+
[   27.315691] cloud-init[948]: |   .o.o+++ ..    |
[   27.319877] cloud-init[948]: |  .o .++ .o.     |
[   27.324703] cloud-init[948]: | .  o.+.. + .    |
[   27.330470] cloud-init[948]: |  ..o*.o + +     |
[   27.335081] cloud-init[948]: |  ..==B S o      |
[   27.340691] cloud-init[948]: | . +=*.E         |
[   27.351249] cloud-init[948]: |. ..*oo.         |
[   27.364495] cloud-init[948]: |.. =...          |
[   27.377531] cloud-init[948]: |..o.+.           |
[   27.391590] cloud-init[948]: +----[SHA256]-----+
         Starting LXD - container startup/shutdown...
         Starting System Logging Service...
[[0;32m  OK  [0m] Started ACPI event daemon.
         Starting Virtualbox guest utils...
[[0;32m  OK  [0m] Started Deferred execution scheduler.
         Starting Accounts Service...
         Starting /etc/rc.local Compatibility...
         Starting Login Service...
         Starting LSB: MD monitoring daemon...
         Starting LSB: Record successful boot for GRUB...
         Starting Snappy daemon...
[[0;32m  OK  [0m] Started System Logging Service.
[[0;32m  OK  [0m] Started /etc/rc.local Compatibility.
[[0;32m  OK  [0m] Started LXD - container startup/shutdown.
[[0;32m  OK  [0m] Started Login to default iSCSI targets.
[[0;32m  OK  [0m] Started Login Service.
         Starting Authenticate and Authorize Users to Run Privileged Tasks...
[[0;32m  OK  [0m] Reached target Remote File Systems (Pre).
[[0;32m  OK  [0m] Reached target Remote File Systems.
         Starting LSB: automatic crash report generation...
         Starting LSB: daemon to balance interrupts for SMP systems...
         Starting Permit User Sessions...
         Starting LSB: Set the CPU Frequency Scaling governor to "ondemand"...
[[0;32m  OK  [0m] Started LSB: MD monitoring daemon.
[[0;32m  OK  [0m] Started LSB: Record successful boot for GRUB.
[[0;32m  OK  [0m] Started Virtualbox guest utils.
[[0;32m  OK  [0m] Started Pollinate to seed the pseudo random number generator.
[[0;32m  OK  [0m] Started Permit User Sessions.
[[0;32m  OK  [0m] Started Snappy daemon.
[[0;32m  OK  [0m] Started Authenticate and Authorize Users to Run Privileged Tasks.
[[0;32m  OK  [0m] Started Accounts Service.
[[0;32m  OK  [0m] Started LSB: Set the CPU Frequency Scaling governor to "ondemand".
         Starting Wait until snapd is fully seeded...
         Starting Terminate Plymouth Boot Screen...
         Starting Hold until boot process finishes up...
         Starting OpenBSD Secure Shell server...
[[0;32m  OK  [0m] Started Terminate Plymouth Boot Screen.
[[0;32m  OK  [0m] Started LSB: automatic crash report generation.
[[0;32m  OK  [0m] Started LSB: daemon to balance interrupts for SMP systems.
[[0;32m  OK  [0m] Started Hold until boot process finishes up.
[[0;32m  OK  [0m] Started OpenBSD Secure Shell server.
[[0;32m  OK  [0m] Started Serial Getty on ttyS0.
         Starting Set console scheme...
[[0;32m  OK  [0m] Started Getty on tty1.
[[0;32m  OK  [0m] Reached target Login Prompts.
[[0;32m  OK  [0m] Started Set console scheme.
[[0;32m  OK  [0m] Created slice User Slice of vagrant.
         Starting User Manager for UID 1000...
[[0;32m  OK  [0m] Started Session 1 of user vagrant.
[[0;32m  OK  [0m] Started User Manager for UID 1000.
[[0;32m  OK  [0m] Started Wait until snapd is fully seeded.
         Starting Apply the settings specified in cloud-config...
[[0;32m  OK  [0m] Reached target Multi-User System.
[[0;32m  OK  [0m] Reached target Graphical Interface.
         Starting Update UTMP about System Runlevel Changes...
[[0;32m  OK  [0m] Started Update UTMP about System Runlevel Changes.
[   35.679335] cloud-init[1362]: Generating locales (this might take a while)...

Ubuntu 16.04.5 LTS ubuntu-xenial ttyS0

ubuntu-xenial login: [   37.987713] cloud-init[1362]:   en_US.UTF-8... done
[   37.991074] cloud-init[1362]: Generation complete.
[   39.252401] cloud-init[1362]: Cloud-init v. 18.3-9-g2e62cb8a-0ubuntu1~16.04.2 running 'modules:config' at Mon, 03 Sep 2018 04:50:34 +0000. Up 35.35 seconds.
ci-info: no authorized ssh keys fingerprints found for user ubuntu.
<14>Sep  3 04:50:39 ec2: 
<14>Sep  3 04:50:39 ec2: #############################################################
<14>Sep  3 04:50:39 ec2: -----BEGIN SSH HOST KEY FINGERPRINTS-----
<14>Sep  3 04:50:39 ec2: 1024 SHA256:6KbXNp9GuLZUSw0phYYSlh0DKrQXaMYZ1AIa/lRQEeE root@ubuntu-xenial (DSA)
<14>Sep  3 04:50:39 ec2: 256 SHA256:qKyxu4THh1pOir4PBu6NQEseZ9OtH1bpweSuB5f1m3o root@ubuntu-xenial (ECDSA)
<14>Sep  3 04:50:39 ec2: 256 SHA256:yLwhaUG31eXi4SHRgBm8arkdkAtUfrnKzquxYlR749Q root@ubuntu-xenial (ED25519)
<14>Sep  3 04:50:39 ec2: 2048 SHA256:3iBEa6LM+umhzIECy8SV4dx61SXj5/eMNKZQICH8eR0 root@ubuntu-xenial (RSA)
<14>Sep  3 04:50:39 ec2: -----END SSH HOST KEY FINGERPRINTS-----
<14>Sep  3 04:50:39 ec2: #############################################################
-----BEGIN SSH HOST KEY KEYS-----
ecdsa-sha2-nistp256 AAAAE2VjZHNhLXNoYTItbmlzdHAyNTYAAAAIbmlzdHAyNTYAAABBBIIjZBa5+B32BikY5IhOyFn/sBr5O1w1frxsx8dtFc/oexj/G+dGL67aCgnMMxj6fevVXz6nqq5tPO4RKwaw3ms= root@ubuntu-xenial
ssh-ed25519 AAAAC3NzaC1lZDI1NTE5AAAAIF0DxW7ir/s1o9CcIJ3ywHwSILAA58SwZeLlRdmU0/ME root@ubuntu-xenial
ssh-rsa AAAAB3NzaC1yc2EAAAADAQABAAABAQCo6bbY9Tbxu+lW7n2MEdIU7JvpIZPiq7DbcqcXFFXX5Nj8PjbHPE4le+gCVU7nzLsbUFPq5+FLarpPLu24PPI+56r1zUcJLKoYMFE11TCemSe1pQtrky+CMHPCqaYu2a2rSv8DgR+pkPH5VjK1/vNhz9VcVLsaKYkm8oCdeOUzp4wTQlqCYZ4RjmhR9dswnQvW5BJNCxBgXLLKk4UovfVurlkeO0IYxDOgkjCsgirQNSRK3RnLpoN2haFY+/ML116g/C0OIFBKgLgIsQJknc5z6NEM5HgUCAnpUnJjBtB2/o6JbleyQmrN2xXiINTAk/ot/fuGwhGTX6RwSfz1nVfh root@ubuntu-xenial
-----END SSH HOST KEY KEYS-----
[   40.414293] cloud-init[1657]: Cloud-init v. 18.3-9-g2e62cb8a-0ubuntu1~16.04.2 running 'modules:final' at Mon, 03 Sep 2018 04:50:39 +0000. Up 39.90 seconds.
[   40.416309] cloud-init[1657]: ci-info: no authorized ssh keys fingerprints found for user ubuntu.
[   40.417570] cloud-init[1657]: Cloud-init v. 18.3-9-g2e62cb8a-0ubuntu1~16.04.2 finished at Mon, 03 Sep 2018 04:50:39 +0000. Datasource DataSourceNoCloud [seed=/dev/sdb][dsmode=net].  Up 40.37 seconds
